[1.497s] Invoking command in '/home/ruiszk/mypkg_test': PYTHONPATH=/home/ruiszk/mypkg_test/build/mypkg/prefix_override:/home/ruiszk/mypkg_test/install/mypkg/lib/python3.10/site-packages:${PYTHONPATH} /usr/bin/python3 setup.py egg_info --egg-base build/mypkg build --build-base /home/ruiszk/mypkg_test/build/mypkg/build install --record /home/ruiszk/mypkg_test/build/mypkg/install.log --single-version-externally-managed
[1.884s] running egg_info
[1.885s] creating build/mypkg/mypkg.egg-info
[1.885s] writing build/mypkg/mypkg.egg-info/PKG-INFO
[1.888s] writing dependency_links to build/mypkg/mypkg.egg-info/dependency_links.txt
[1.893s] writing entry points to build/mypkg/mypkg.egg-info/entry_points.txt
[1.894s] writing requirements to build/mypkg/mypkg.egg-info/requires.txt
[1.895s] writing top-level names to build/mypkg/mypkg.egg-info/top_level.txt
[1.897s] writing manifest file 'build/mypkg/mypkg.egg-info/SOURCES.txt'
[1.900s] reading manifest file 'build/mypkg/mypkg.egg-info/SOURCES.txt'
[1.901s] writing manifest file 'build/mypkg/mypkg.egg-info/SOURCES.txt'
[1.901s] running build
[1.902s] running build_py
[1.902s] creating /home/ruiszk/mypkg_test/build/mypkg/build
[1.902s] creating /home/ruiszk/mypkg_test/build/mypkg/build/lib
[1.903s] creating /home/ruiszk/mypkg_test/build/mypkg/build/lib/mypkg
[1.903s] copying mypkg/listener.py -> /home/ruiszk/mypkg_test/build/mypkg/build/lib/mypkg
[1.905s] copying mypkg/talker.py -> /home/ruiszk/mypkg_test/build/mypkg/build/lib/mypkg
[1.907s] copying mypkg/__init__.py -> /home/ruiszk/mypkg_test/build/mypkg/build/lib/mypkg
[1.908s] running install
[1.915s] /usr/lib/python3/dist-packages/setuptools/command/install.py:34: SetuptoolsDeprecationWarning: setup.py install is deprecated. Use build and pip and other standards-based tools.
[1.915s]   warnings.warn(
[1.915s] running install_lib
[1.917s] copying /home/ruiszk/mypkg_test/build/mypkg/build/lib/mypkg/listener.py -> /home/ruiszk/mypkg_test/install/mypkg/lib/python3.10/site-packages/mypkg
[1.922s] copying /home/ruiszk/mypkg_test/build/mypkg/build/lib/mypkg/talker.py -> /home/ruiszk/mypkg_test/install/mypkg/lib/python3.10/site-packages/mypkg
[1.929s] byte-compiling /home/ruiszk/mypkg_test/install/mypkg/lib/python3.10/site-packages/mypkg/listener.py to listener.cpython-310.pyc
[1.933s] byte-compiling /home/ruiszk/mypkg_test/install/mypkg/lib/python3.10/site-packages/mypkg/talker.py to talker.cpython-310.pyc
[1.937s] running install_data
[1.937s] copying package.xml -> /home/ruiszk/mypkg_test/install/mypkg/share/mypkg
[1.940s] running install_egg_info
[1.942s] removing '/home/ruiszk/mypkg_test/install/mypkg/lib/python3.10/site-packages/mypkg-0.0.0-py3.10.egg-info' (and everything under it)
[1.945s] Copying build/mypkg/mypkg.egg-info to /home/ruiszk/mypkg_test/install/mypkg/lib/python3.10/site-packages/mypkg-0.0.0-py3.10.egg-info
[1.964s] running install_scripts
[1.990s] Installing listener script to /home/ruiszk/mypkg_test/install/mypkg/lib/mypkg
[1.991s] Installing talker script to /home/ruiszk/mypkg_test/install/mypkg/lib/mypkg
[1.992s] writing list of installed files to '/home/ruiszk/mypkg_test/build/mypkg/install.log'
[2.012s] Invoked command in '/home/ruiszk/mypkg_test' returned '0': PYTHONPATH=/home/ruiszk/mypkg_test/build/mypkg/prefix_override:/home/ruiszk/mypkg_test/install/mypkg/lib/python3.10/site-packages:${PYTHONPATH} /usr/bin/python3 setup.py egg_info --egg-base build/mypkg build --build-base /home/ruiszk/mypkg_test/build/mypkg/build install --record /home/ruiszk/mypkg_test/build/mypkg/install.log --single-version-externally-managed
