[2.833s] DEBUG:colcon:Command line arguments: ['/usr/bin/colcon', 'build']
[2.833s] DEBUG:colcon:Parsed command line arguments: Namespace(log_base=None, log_level=None, verb_name='build', build_base='build', install_base='install', merge_install=False, symlink_install=False, test_result_base=None, continue_on_error=False, executor='parallel', parallel_workers=8, event_handlers=None, ignore_user_meta=False, metas=['./colcon.meta'], base_paths=['.'], packages_ignore=None, packages_ignore_regex=None, paths=None, packages_up_to=None, packages_up_to_regex=None, packages_above=None, packages_above_and_dependencies=None, packages_above_depth=None, packages_select_by_dep=None, packages_skip_by_dep=None, packages_skip_up_to=None, packages_select_build_failed=False, packages_skip_build_finished=False, packages_select_test_failures=False, packages_skip_test_passed=False, packages_select=None, packages_skip=None, packages_select_regex=None, packages_skip_regex=None, packages_start=None, packages_end=None, allow_overriding=[], cmake_args=None, cmake_target=None, cmake_target_skip_unavailable=False, cmake_clean_cache=False, cmake_clean_first=False, cmake_force_configure=False, ament_cmake_args=None, catkin_cmake_args=None, catkin_skip_building_tests=False, verb_parser=<colcon_defaults.argument_parser.defaults.DefaultArgumentsDecorator object at 0x7f0427db6a10>, verb_extension=<colcon_core.verb.build.BuildVerb object at 0x7f04286d9ba0>, main=<bound method BuildVerb.main of <colcon_core.verb.build.BuildVerb object at 0x7f04286d9ba0>>)
[3.157s] Level 1:colcon.colcon_core.package_discovery:discover_packages(colcon_meta) check parameters
[3.157s] Level 1:colcon.colcon_core.package_discovery:discover_packages(recursive) check parameters
[3.157s] Level 1:colcon.colcon_core.package_discovery:discover_packages(ignore) check parameters
[3.157s] Level 1:colcon.colcon_core.package_discovery:discover_packages(path) check parameters
[3.157s] Level 1:colcon.colcon_core.package_discovery:discover_packages(colcon_meta) discover
[3.157s] Level 1:colcon.colcon_core.package_discovery:discover_packages(recursive) discover
[3.158s] INFO:colcon.colcon_core.package_discovery:Crawling recursively for packages in '/home/ruiszk/mypkg_test'
[3.158s] Level 1:colcon.colcon_core.package_identification:_identify(.) by extensions ['ignore', 'ignore_ament_install']
[3.158s] Level 1:colcon.colcon_core.package_identification:_identify(.) by extension 'ignore'
[3.158s] Level 1:colcon.colcon_core.package_identification:_identify(.) by extension 'ignore_ament_install'
[3.158s] Level 1:colcon.colcon_core.package_identification:_identify(.) by extensions ['colcon_pkg']
[3.158s] Level 1:colcon.colcon_core.package_identification:_identify(.) by extension 'colcon_pkg'
[3.158s] Level 1:colcon.colcon_core.package_identification:_identify(.) by extensions ['colcon_meta']
[3.158s] Level 1:colcon.colcon_core.package_identification:_identify(.) by extension 'colcon_meta'
[3.158s] Level 1:colcon.colcon_core.package_identification:_identify(.) by extensions ['ros']
[3.158s] Level 1:colcon.colcon_core.package_identification:_identify(.) by extension 'ros'
[3.233s] DEBUG:colcon.colcon_core.package_identification:Package '.' with type 'ros.ament_python' and name 'mypkg'
[3.233s] Level 1:colcon.colcon_core.package_discovery:discover_packages(recursive) using defaults
[3.233s] Level 1:colcon.colcon_core.package_discovery:discover_packages(ignore) discover
[3.233s] Level 1:colcon.colcon_core.package_discovery:discover_packages(ignore) using defaults
[3.233s] Level 1:colcon.colcon_core.package_discovery:discover_packages(path) discover
[3.233s] Level 1:colcon.colcon_core.package_discovery:discover_packages(path) using defaults
[3.392s] Level 1:colcon.colcon_core.package_discovery:discover_packages(prefix_path) check parameters
[3.392s] Level 1:colcon.colcon_core.package_discovery:discover_packages(prefix_path) discover
[3.424s] DEBUG:colcon.colcon_installed_package_information.package_discovery:Found 3 installed packages in /home/ruiszk/ros2_ws/install
[3.428s] DEBUG:colcon.colcon_installed_package_information.package_discovery:Found 270 installed packages in /opt/ros/humble
[3.430s] Level 1:colcon.colcon_core.package_discovery:discover_packages(prefix_path) using defaults
[4.085s] Level 5:colcon.colcon_core.verb:set package 'mypkg' build argument 'cmake_args' from command line to 'None'
[4.085s] Level 5:colcon.colcon_core.verb:set package 'mypkg' build argument 'cmake_target' from command line to 'None'
[4.085s] Level 5:colcon.colcon_core.verb:set package 'mypkg' build argument 'cmake_target_skip_unavailable' from command line to 'False'
[4.085s] Level 5:colcon.colcon_core.verb:set package 'mypkg' build argument 'cmake_clean_cache' from command line to 'False'
[4.085s] Level 5:colcon.colcon_core.verb:set package 'mypkg' build argument 'cmake_clean_first' from command line to 'False'
[4.085s] Level 5:colcon.colcon_core.verb:set package 'mypkg' build argument 'cmake_force_configure' from command line to 'False'
[4.085s] Level 5:colcon.colcon_core.verb:set package 'mypkg' build argument 'ament_cmake_args' from command line to 'None'
[4.085s] Level 5:colcon.colcon_core.verb:set package 'mypkg' build argument 'catkin_cmake_args' from command line to 'None'
[4.085s] Level 5:colcon.colcon_core.verb:set package 'mypkg' build argument 'catkin_skip_building_tests' from command line to 'False'
[4.085s] DEBUG:colcon.colcon_core.verb:Building package 'mypkg' with the following arguments: {'ament_cmake_args': None, 'build_base': '/home/ruiszk/mypkg_test/build/mypkg', 'catkin_cmake_args': None, 'catkin_skip_building_tests': False, 'cmake_args': None, 'cmake_clean_cache': False, 'cmake_clean_first': False, 'cmake_force_configure': False, 'cmake_target': None, 'cmake_target_skip_unavailable': False, 'install_base': '/home/ruiszk/mypkg_test/install/mypkg', 'merge_install': False, 'path': '/home/ruiszk/mypkg_test', 'symlink_install': False, 'test_result_base': None}
[4.085s] INFO:colcon.colcon_core.executor:Executing jobs using 'parallel' executor
[4.089s] DEBUG:colcon.colcon_parallel_executor.executor.parallel:run_until_complete
[4.089s] INFO:colcon.colcon_ros.task.ament_python.build:Building ROS package in '/home/ruiszk/mypkg_test' with build type 'ament_python'
[4.090s] Level 1:colcon.colcon_core.shell:create_environment_hook('mypkg', 'ament_prefix_path')
[4.129s] INFO:colcon.colcon_core.plugin_system:Skipping extension 'colcon_core.shell.bat': Not used on non-Windows systems
[4.130s] INFO:colcon.colcon_core.shell:Creating environment hook '/home/ruiszk/mypkg_test/install/mypkg/share/mypkg/hook/ament_prefix_path.ps1'
[4.134s] INFO:colcon.colcon_core.shell:Creating environment descriptor '/home/ruiszk/mypkg_test/install/mypkg/share/mypkg/hook/ament_prefix_path.dsv'
[4.138s] INFO:colcon.colcon_core.shell:Creating environment hook '/home/ruiszk/mypkg_test/install/mypkg/share/mypkg/hook/ament_prefix_path.sh'
[4.145s] INFO:colcon.colcon_core.shell:Skip shell extension 'powershell' for command environment: Not usable outside of PowerShell
[4.145s] DEBUG:colcon.colcon_core.shell:Skip shell extension 'dsv' for command environment
[4.604s] INFO:colcon.colcon_core.task.python.build:Building Python package in '/home/ruiszk/mypkg_test'
[4.606s] INFO:colcon.colcon_core.shell:Skip shell extension 'powershell' for command environment: Not usable outside of PowerShell
[4.606s] DEBUG:colcon.colcon_core.shell:Skip shell extension 'dsv' for command environment
[5.587s] DEBUG:colcon.colcon_core.event_handler.log_command:Invoking command in '/home/ruiszk/mypkg_test': PYTHONPATH=/home/ruiszk/mypkg_test/build/mypkg/prefix_override:/home/ruiszk/mypkg_test/install/mypkg/lib/python3.10/site-packages:${PYTHONPATH} /usr/bin/python3 setup.py egg_info --egg-base build/mypkg build --build-base /home/ruiszk/mypkg_test/build/mypkg/build install --record /home/ruiszk/mypkg_test/build/mypkg/install.log --single-version-externally-managed
[6.102s] DEBUG:colcon.colcon_core.event_handler.log_command:Invoked command in '/home/ruiszk/mypkg_test' returned '0': PYTHONPATH=/home/ruiszk/mypkg_test/build/mypkg/prefix_override:/home/ruiszk/mypkg_test/install/mypkg/lib/python3.10/site-packages:${PYTHONPATH} /usr/bin/python3 setup.py egg_info --egg-base build/mypkg build --build-base /home/ruiszk/mypkg_test/build/mypkg/build install --record /home/ruiszk/mypkg_test/build/mypkg/install.log --single-version-externally-managed
[6.149s] Level 1:colcon.colcon_core.environment:checking '/home/ruiszk/mypkg_test/install/mypkg' for CMake module files
[6.151s] Level 1:colcon.colcon_core.environment:checking '/home/ruiszk/mypkg_test/install/mypkg' for CMake config files
[6.153s] Level 1:colcon.colcon_core.environment:checking '/home/ruiszk/mypkg_test/install/mypkg/lib'
[6.153s] Level 1:colcon.colcon_core.environment:checking '/home/ruiszk/mypkg_test/install/mypkg/bin'
[6.153s] Level 1:colcon.colcon_core.environment:checking '/home/ruiszk/mypkg_test/install/mypkg/lib/pkgconfig/mypkg.pc'
[6.153s] Level 1:colcon.colcon_core.environment:checking '/home/ruiszk/mypkg_test/install/mypkg/lib/python3.10/site-packages'
[6.153s] Level 1:colcon.colcon_core.shell:create_environment_hook('mypkg', 'pythonpath')
[6.154s] INFO:colcon.colcon_core.shell:Creating environment hook '/home/ruiszk/mypkg_test/install/mypkg/share/mypkg/hook/pythonpath.ps1'
[6.155s] INFO:colcon.colcon_core.shell:Creating environment descriptor '/home/ruiszk/mypkg_test/install/mypkg/share/mypkg/hook/pythonpath.dsv'
[6.156s] INFO:colcon.colcon_core.shell:Creating environment hook '/home/ruiszk/mypkg_test/install/mypkg/share/mypkg/hook/pythonpath.sh'
[6.157s] Level 1:colcon.colcon_core.environment:checking '/home/ruiszk/mypkg_test/install/mypkg/bin'
[6.157s] Level 1:colcon.colcon_core.environment:create_environment_scripts_only(mypkg)
[6.158s] INFO:colcon.colcon_core.shell:Creating package script '/home/ruiszk/mypkg_test/install/mypkg/share/mypkg/package.ps1'
[6.167s] INFO:colcon.colcon_core.shell:Creating package descriptor '/home/ruiszk/mypkg_test/install/mypkg/share/mypkg/package.dsv'
[6.171s] INFO:colcon.colcon_core.shell:Creating package script '/home/ruiszk/mypkg_test/install/mypkg/share/mypkg/package.sh'
[6.178s] INFO:colcon.colcon_core.shell:Creating package script '/home/ruiszk/mypkg_test/install/mypkg/share/mypkg/package.bash'
[6.183s] INFO:colcon.colcon_core.shell:Creating package script '/home/ruiszk/mypkg_test/install/mypkg/share/mypkg/package.zsh'
[6.188s] Level 1:colcon.colcon_core.environment:create_file_with_runtime_dependencies(/home/ruiszk/mypkg_test/install/mypkg/share/colcon-core/packages/mypkg)
[6.189s] DEBUG:colcon.colcon_parallel_executor.executor.parallel:closing loop
[6.190s] DEBUG:colcon.colcon_parallel_executor.executor.parallel:loop closed
[6.191s] DEBUG:colcon.colcon_parallel_executor.executor.parallel:run_until_complete finished with '0'
[6.191s] DEBUG:colcon.colcon_core.event_reactor:joining thread
[6.298s] INFO:colcon.colcon_core.plugin_system:Skipping extension 'colcon_notification.desktop_notification.notify_send': Could not find 'notify-send'
[6.298s] INFO:colcon.colcon_core.plugin_system:Skipping extension 'colcon_notification.desktop_notification.terminal_notifier': Not used on non-Darwin systems
[6.298s] INFO:colcon.colcon_core.plugin_system:Skipping extension 'colcon_notification.desktop_notification.win32': Not used on non-Windows systems
[6.298s] INFO:colcon.colcon_notification.desktop_notification:Sending desktop notification using 'notify2'
[6.298s] DEBUG:colcon.colcon_notification.desktop_notification.notify2:Failed to initialize notify2: org.freedesktop.DBus.Error.NotSupported: Unable to autolaunch a dbus-daemon without a $DISPLAY for X11
[6.298s] DEBUG:colcon.colcon_core.event_reactor:joined thread
[6.300s] INFO:colcon.colcon_core.shell:Creating prefix script '/home/ruiszk/mypkg_test/install/local_setup.ps1'
[6.308s] INFO:colcon.colcon_core.shell:Creating prefix util module '/home/ruiszk/mypkg_test/install/_local_setup_util_ps1.py'
[6.316s] INFO:colcon.colcon_core.shell:Creating prefix chain script '/home/ruiszk/mypkg_test/install/setup.ps1'
[6.324s] INFO:colcon.colcon_core.shell:Creating prefix script '/home/ruiszk/mypkg_test/install/local_setup.sh'
[6.331s] INFO:colcon.colcon_core.shell:Creating prefix util module '/home/ruiszk/mypkg_test/install/_local_setup_util_sh.py'
[6.332s] INFO:colcon.colcon_core.shell:Creating prefix chain script '/home/ruiszk/mypkg_test/install/setup.sh'
[6.340s] INFO:colcon.colcon_core.shell:Creating prefix script '/home/ruiszk/mypkg_test/install/local_setup.bash'
[6.347s] INFO:colcon.colcon_core.shell:Creating prefix chain script '/home/ruiszk/mypkg_test/install/setup.bash'
[6.353s] INFO:colcon.colcon_core.shell:Creating prefix script '/home/ruiszk/mypkg_test/install/local_setup.zsh'
[6.358s] INFO:colcon.colcon_core.shell:Creating prefix chain script '/home/ruiszk/mypkg_test/install/setup.zsh'
