[1.448s] Invoking command in '/home/ruiszk/mypkg_test': PYTHONPATH=/home/ruiszk/mypkg_test/build/mypkg/prefix_override:/home/ruiszk/mypkg_test/install/mypkg/lib/python3.10/site-packages:${PYTHONPATH} /usr/bin/python3 setup.py egg_info --egg-base build/mypkg build --build-base /home/ruiszk/mypkg_test/build/mypkg/build install --record /home/ruiszk/mypkg_test/build/mypkg/install.log --single-version-externally-managed
[1.857s] running egg_info
[1.857s] creating build/mypkg/mypkg.egg-info
[1.858s] writing build/mypkg/mypkg.egg-info/PKG-INFO
[1.860s] writing dependency_links to build/mypkg/mypkg.egg-info/dependency_links.txt
[1.861s] writing entry points to build/mypkg/mypkg.egg-info/entry_points.txt
[1.862s] writing requirements to build/mypkg/mypkg.egg-info/requires.txt
[1.863s] writing top-level names to build/mypkg/mypkg.egg-info/top_level.txt
[1.865s] writing manifest file 'build/mypkg/mypkg.egg-info/SOURCES.txt'
[1.867s] reading manifest file 'build/mypkg/mypkg.egg-info/SOURCES.txt'
[1.868s] writing manifest file 'build/mypkg/mypkg.egg-info/SOURCES.txt'
[1.869s] running build
[1.869s] running build_py
[1.870s] creating /home/ruiszk/mypkg_test/build/mypkg/build
[1.871s] creating /home/ruiszk/mypkg_test/build/mypkg/build/lib
[1.871s] creating /home/ruiszk/mypkg_test/build/mypkg/build/lib/mypkg
[1.871s] copying mypkg/listener.py -> /home/ruiszk/mypkg_test/build/mypkg/build/lib/mypkg
[1.877s] copying mypkg/talker.py -> /home/ruiszk/mypkg_test/build/mypkg/build/lib/mypkg
[1.882s] copying mypkg/__init__.py -> /home/ruiszk/mypkg_test/build/mypkg/build/lib/mypkg
[1.883s] running install
[1.891s] /usr/lib/python3/dist-packages/setuptools/command/install.py:34: SetuptoolsDeprecationWarning: setup.py install is deprecated. Use build and pip and other standards-based tools.
[1.891s]   warnings.warn(
[1.891s] running install_lib
[1.893s] creating /home/ruiszk/mypkg_test/install/mypkg/lib/python3.10/site-packages/mypkg
[1.894s] copying /home/ruiszk/mypkg_test/build/mypkg/build/lib/mypkg/listener.py -> /home/ruiszk/mypkg_test/install/mypkg/lib/python3.10/site-packages/mypkg
[1.896s] copying /home/ruiszk/mypkg_test/build/mypkg/build/lib/mypkg/talker.py -> /home/ruiszk/mypkg_test/install/mypkg/lib/python3.10/site-packages/mypkg
[1.898s] copying /home/ruiszk/mypkg_test/build/mypkg/build/lib/mypkg/__init__.py -> /home/ruiszk/mypkg_test/install/mypkg/lib/python3.10/site-packages/mypkg
[1.899s] byte-compiling /home/ruiszk/mypkg_test/install/mypkg/lib/python3.10/site-packages/mypkg/listener.py to listener.cpython-310.pyc
[1.904s] byte-compiling /home/ruiszk/mypkg_test/install/mypkg/lib/python3.10/site-packages/mypkg/talker.py to talker.cpython-310.pyc
[1.908s] byte-compiling /home/ruiszk/mypkg_test/install/mypkg/lib/python3.10/site-packages/mypkg/__init__.py to __init__.cpython-310.pyc
[1.910s] running install_data
[1.911s] creating /home/ruiszk/mypkg_test/install/mypkg/share/ament_index
[1.911s] creating /home/ruiszk/mypkg_test/install/mypkg/share/ament_index/resource_index
[1.912s] creating /home/ruiszk/mypkg_test/install/mypkg/share/ament_index/resource_index/packages
[1.912s] copying resource/mypkg -> /home/ruiszk/mypkg_test/install/mypkg/share/ament_index/resource_index/packages
[1.913s] copying package.xml -> /home/ruiszk/mypkg_test/install/mypkg/share/mypkg
[1.914s] copying launch/talk_listen.launch.py -> /home/ruiszk/mypkg_test/install/mypkg/share/mypkg
[1.915s] running install_egg_info
[1.917s] Copying build/mypkg/mypkg.egg-info to /home/ruiszk/mypkg_test/install/mypkg/lib/python3.10/site-packages/mypkg-0.0.0-py3.10.egg-info
[1.940s] running install_scripts
[1.965s] Installing listener script to /home/ruiszk/mypkg_test/install/mypkg/lib/mypkg
[1.967s] Installing talker script to /home/ruiszk/mypkg_test/install/mypkg/lib/mypkg
[1.968s] writing list of installed files to '/home/ruiszk/mypkg_test/build/mypkg/install.log'
[1.988s] Invoked command in '/home/ruiszk/mypkg_test' returned '0': PYTHONPATH=/home/ruiszk/mypkg_test/build/mypkg/prefix_override:/home/ruiszk/mypkg_test/install/mypkg/lib/python3.10/site-packages:${PYTHONPATH} /usr/bin/python3 setup.py egg_info --egg-base build/mypkg build --build-base /home/ruiszk/mypkg_test/build/mypkg/build install --record /home/ruiszk/mypkg_test/build/mypkg/install.log --single-version-externally-managed
