[0.906s] Invoking command in '/home/ruiszk/mypkg_test': PYTHONPATH=/home/ruiszk/mypkg_test/build/mypkg/prefix_override:/home/ruiszk/mypkg_test/install/mypkg/lib/python3.10/site-packages:${PYTHONPATH} /usr/bin/python3 setup.py egg_info --egg-base build/mypkg build --build-base /home/ruiszk/mypkg_test/build/mypkg/build install --record /home/ruiszk/mypkg_test/build/mypkg/install.log --single-version-externally-managed
[1.261s] running egg_info
[1.262s] creating build/mypkg/mypkg.egg-info
[1.262s] writing build/mypkg/mypkg.egg-info/PKG-INFO
[1.265s] writing dependency_links to build/mypkg/mypkg.egg-info/dependency_links.txt
[1.268s] writing entry points to build/mypkg/mypkg.egg-info/entry_points.txt
[1.270s] writing requirements to build/mypkg/mypkg.egg-info/requires.txt
[1.271s] writing top-level names to build/mypkg/mypkg.egg-info/top_level.txt
[1.273s] writing manifest file 'build/mypkg/mypkg.egg-info/SOURCES.txt'
[1.276s] reading manifest file 'build/mypkg/mypkg.egg-info/SOURCES.txt'
[1.277s] writing manifest file 'build/mypkg/mypkg.egg-info/SOURCES.txt'
[1.277s] running build
[1.277s] running build_py
[1.278s] creating /home/ruiszk/mypkg_test/build/mypkg/build
[1.278s] creating /home/ruiszk/mypkg_test/build/mypkg/build/lib
[1.279s] creating /home/ruiszk/mypkg_test/build/mypkg/build/lib/mypkg
[1.279s] copying mypkg/listener.py -> /home/ruiszk/mypkg_test/build/mypkg/build/lib/mypkg
[1.281s] copying mypkg/talker.py -> /home/ruiszk/mypkg_test/build/mypkg/build/lib/mypkg
[1.282s] copying mypkg/__init__.py -> /home/ruiszk/mypkg_test/build/mypkg/build/lib/mypkg
[1.283s] running install
[1.284s] /usr/lib/python3/dist-packages/setuptools/command/install.py:34: SetuptoolsDeprecationWarning: setup.py install is deprecated. Use build and pip and other standards-based tools.
[1.284s]   warnings.warn(
[1.284s] running install_lib
[1.285s] creating /home/ruiszk/mypkg_test/install/mypkg/lib/python3.10/site-packages/mypkg
[1.286s] copying /home/ruiszk/mypkg_test/build/mypkg/build/lib/mypkg/listener.py -> /home/ruiszk/mypkg_test/install/mypkg/lib/python3.10/site-packages/mypkg
[1.288s] copying /home/ruiszk/mypkg_test/build/mypkg/build/lib/mypkg/talker.py -> /home/ruiszk/mypkg_test/install/mypkg/lib/python3.10/site-packages/mypkg
[1.290s] copying /home/ruiszk/mypkg_test/build/mypkg/build/lib/mypkg/__init__.py -> /home/ruiszk/mypkg_test/install/mypkg/lib/python3.10/site-packages/mypkg
[1.292s] byte-compiling /home/ruiszk/mypkg_test/install/mypkg/lib/python3.10/site-packages/mypkg/listener.py to listener.cpython-310.pyc
[1.296s] byte-compiling /home/ruiszk/mypkg_test/install/mypkg/lib/python3.10/site-packages/mypkg/talker.py to talker.cpython-310.pyc
[1.299s] byte-compiling /home/ruiszk/mypkg_test/install/mypkg/lib/python3.10/site-packages/mypkg/__init__.py to __init__.cpython-310.pyc
[1.302s] running install_data
[1.302s] creating /home/ruiszk/mypkg_test/install/mypkg/share/ament_index
[1.303s] creating /home/ruiszk/mypkg_test/install/mypkg/share/ament_index/resource_index
[1.303s] creating /home/ruiszk/mypkg_test/install/mypkg/share/ament_index/resource_index/packages
[1.304s] copying resource/mypkg -> /home/ruiszk/mypkg_test/install/mypkg/share/ament_index/resource_index/packages
[1.305s] copying package.xml -> /home/ruiszk/mypkg_test/install/mypkg/share/mypkg
[1.306s] copying launch/talk_listen.launch.py -> /home/ruiszk/mypkg_test/install/mypkg/share/mypkg
[1.307s] running install_egg_info
[1.309s] Copying build/mypkg/mypkg.egg-info to /home/ruiszk/mypkg_test/install/mypkg/lib/python3.10/site-packages/mypkg-0.0.0-py3.10.egg-info
[1.327s] running install_scripts
[1.352s] Installing listener script to /home/ruiszk/mypkg_test/install/mypkg/lib/mypkg
[1.353s] Installing talker script to /home/ruiszk/mypkg_test/install/mypkg/lib/mypkg
[1.355s] writing list of installed files to '/home/ruiszk/mypkg_test/build/mypkg/install.log'
[1.375s] Invoked command in '/home/ruiszk/mypkg_test' returned '0': PYTHONPATH=/home/ruiszk/mypkg_test/build/mypkg/prefix_override:/home/ruiszk/mypkg_test/install/mypkg/lib/python3.10/site-packages:${PYTHONPATH} /usr/bin/python3 setup.py egg_info --egg-base build/mypkg build --build-base /home/ruiszk/mypkg_test/build/mypkg/build install --record /home/ruiszk/mypkg_test/build/mypkg/install.log --single-version-externally-managed
